2015-11-01 14:37:46,675 [Worker-1] INFO  o.e.m.c.i.l.LifecycleMappingFactory - Using org.maven.ide.eclipse.wtp.WarLifecycleMapping lifecycle mapping for MavenProject: Skeleton:Skeleton:1.0 @ /Volumes/Macintosh HD/Users/lucienmadl/GitHub/ese2015-team7/Prototype/Skeleton/pom.xml.
2015-11-01 14:37:49,646 [Worker-1] INFO  o.e.m.j.i.AbstractJavaProjectConfigurator - Adding source folder /Skeleton/src/main/java
2015-11-01 14:37:49,647 [Worker-1] INFO  o.e.m.j.i.AbstractJavaProjectConfigurator - Adding source folder /Skeleton/src/test/java
2015-11-01 14:37:51,430 [Worker-1] INFO  o.e.m.c.i.p.ProjectConfigurationManager - Imported and configured 1 project(s) in 11 sec
2015-11-01 14:37:56,848 [Worker-6] INFO  o.e.m.c.i.embedder.EclipseLogger - Using 'UTF-8' encoding to copy filtered resources.
2015-11-01 14:37:56,849 [Worker-6] INFO  o.e.m.c.i.embedder.EclipseLogger - skip non existing resourceDirectory /Volumes/Macintosh HD/Users/lucienmadl/GitHub/ese2015-team7/Prototype/Skeleton/src/main/resources
2015-11-01 14:37:56,853 [Worker-6] INFO  o.e.m.c.i.embedder.EclipseLogger - Using 'UTF-8' encoding to copy filtered resources.
2015-11-01 14:37:56,853 [Worker-6] INFO  o.e.m.c.i.embedder.EclipseLogger - skip non existing resourceDirectory /Volumes/Macintosh HD/Users/lucienmadl/GitHub/ese2015-team7/Prototype/Skeleton/src/test/resources
2015-11-01 14:38:29,423 [main] INFO  o.e.m2e.actions.ExecutePomAction - Creating new launch configuration
2015-11-01 14:38:41,749 [Worker-3] INFO  o.e.m.i.launch.MavenLaunchDelegate - /Volumes/Macintosh HD/Users/lucienmadl/GitHub/ese2015-team7/Prototype/Skeleton
2015-11-01 14:38:41,749 [Worker-3] INFO  o.e.m.i.launch.MavenLaunchDelegate -  mvn  -B jetty:stop jetty:run
2015-11-01 14:40:31,232 [Worker-6] INFO  o.e.m.c.i.embedder.EclipseLogger - Using 'UTF-8' encoding to copy filtered resources.
2015-11-01 14:40:31,232 [Worker-6] INFO  o.e.m.c.i.embedder.EclipseLogger - skip non existing resourceDirectory /Volumes/Macintosh HD/Users/lucienmadl/GitHub/ese2015-team7/Prototype/Skeleton/src/main/resources
2015-11-01 14:40:31,234 [Worker-6] INFO  o.e.m.c.i.embedder.EclipseLogger - Using 'UTF-8' encoding to copy filtered resources.
2015-11-01 14:40:31,234 [Worker-6] INFO  o.e.m.c.i.embedder.EclipseLogger - skip non existing resourceDirectory /Volumes/Macintosh HD/Users/lucienmadl/GitHub/ese2015-team7/Prototype/Skeleton/src/test/resources
2015-11-01 14:40:53,294 [Worker-7] INFO  o.e.m.c.i.embedder.EclipseLogger - Using 'UTF-8' encoding to copy filtered resources.
2015-11-01 14:40:53,294 [Worker-7] INFO  o.e.m.c.i.embedder.EclipseLogger - skip non existing resourceDirectory /Volumes/Macintosh HD/Users/lucienmadl/GitHub/ese2015-team7/Prototype/Skeleton/src/main/resources
2015-11-01 14:40:53,296 [Worker-7] INFO  o.e.m.c.i.embedder.EclipseLogger - Using 'UTF-8' encoding to copy filtered resources.
2015-11-01 14:40:53,296 [Worker-7] INFO  o.e.m.c.i.embedder.EclipseLogger - skip non existing resourceDirectory /Volumes/Macintosh HD/Users/lucienmadl/GitHub/ese2015-team7/Prototype/Skeleton/src/test/resources
2015-11-01 14:41:38,273 [Worker-1] INFO  o.e.m.c.i.embedder.EclipseLogger - Using 'UTF-8' encoding to copy filtered resources.
2015-11-01 14:41:38,274 [Worker-1] INFO  o.e.m.c.i.embedder.EclipseLogger - skip non existing resourceDirectory /Volumes/Macintosh HD/Users/lucienmadl/GitHub/ese2015-team7/Prototype/Skeleton/src/main/resources
2015-11-01 14:41:38,277 [Worker-1] INFO  o.e.m.c.i.embedder.EclipseLogger - Using 'UTF-8' encoding to copy filtered resources.
2015-11-01 14:41:38,277 [Worker-1] INFO  o.e.m.c.i.embedder.EclipseLogger - skip non existing resourceDirectory /Volumes/Macintosh HD/Users/lucienmadl/GitHub/ese2015-team7/Prototype/Skeleton/src/test/resources
2015-11-01 14:41:44,969 [Worker-7] INFO  o.e.m.i.launch.MavenLaunchDelegate - /Volumes/Macintosh HD/Users/lucienmadl/GitHub/ese2015-team7/Prototype/Skeleton
2015-11-01 14:41:44,970 [Worker-7] INFO  o.e.m.i.launch.MavenLaunchDelegate -  mvn  -B jetty:stop jetty:run
2015-11-01 14:44:07,973 [Worker-7] INFO  o.e.m.c.i.embedder.EclipseLogger - Using 'UTF-8' encoding to copy filtered resources.
2015-11-01 14:44:07,993 [Worker-7] INFO  o.e.m.c.i.embedder.EclipseLogger - skip non existing resourceDirectory /Volumes/Macintosh HD/Users/lucienmadl/GitHub/ese2015-team7/Prototype/Skeleton/src/main/resources
2015-11-01 14:44:07,994 [Worker-7] INFO  o.e.m.c.i.embedder.EclipseLogger - Using 'UTF-8' encoding to copy filtered resources.
2015-11-01 14:44:07,995 [Worker-7] INFO  o.e.m.c.i.embedder.EclipseLogger - skip non existing resourceDirectory /Volumes/Macintosh HD/Users/lucienmadl/GitHub/ese2015-team7/Prototype/Skeleton/src/test/resources
2015-11-01 14:51:38,070 [Worker-9] INFO  o.e.m.c.i.embedder.EclipseLogger - Using 'UTF-8' encoding to copy filtered resources.
2015-11-01 14:51:38,070 [Worker-9] INFO  o.e.m.c.i.embedder.EclipseLogger - skip non existing resourceDirectory /Volumes/Macintosh HD/Users/lucienmadl/GitHub/ese2015-team7/Prototype/Skeleton/src/main/resources
2015-11-01 14:51:38,072 [Worker-9] INFO  o.e.m.c.i.embedder.EclipseLogger - Using 'UTF-8' encoding to copy filtered resources.
2015-11-01 14:51:38,072 [Worker-9] INFO  o.e.m.c.i.embedder.EclipseLogger - skip non existing resourceDirectory /Volumes/Macintosh HD/Users/lucienmadl/GitHub/ese2015-team7/Prototype/Skeleton/src/test/resources
2015-11-01 14:53:35,196 [Worker-16] INFO  o.e.m.c.i.embedder.EclipseLogger - Using 'UTF-8' encoding to copy filtered resources.
2015-11-01 14:53:35,196 [Worker-16] INFO  o.e.m.c.i.embedder.EclipseLogger - skip non existing resourceDirectory /Volumes/Macintosh HD/Users/lucienmadl/GitHub/ese2015-team7/Prototype/Skeleton/src/main/resources
2015-11-01 14:53:35,197 [Worker-16] INFO  o.e.m.c.i.embedder.EclipseLogger - Using 'UTF-8' encoding to copy filtered resources.
2015-11-01 14:53:35,198 [Worker-16] INFO  o.e.m.c.i.embedder.EclipseLogger - skip non existing resourceDirectory /Volumes/Macintosh HD/Users/lucienmadl/GitHub/ese2015-team7/Prototype/Skeleton/src/test/resources
2015-11-01 14:54:55,871 [Worker-9] INFO  o.e.m.c.i.embedder.EclipseLogger - Using 'UTF-8' encoding to copy filtered resources.
2015-11-01 14:54:55,871 [Worker-9] INFO  o.e.m.c.i.embedder.EclipseLogger - skip non existing resourceDirectory /Volumes/Macintosh HD/Users/lucienmadl/GitHub/ese2015-team7/Prototype/Skeleton/src/main/resources
2015-11-01 14:54:55,875 [Worker-9] INFO  o.e.m.c.i.embedder.EclipseLogger - Using 'UTF-8' encoding to copy filtered resources.
2015-11-01 14:54:55,875 [Worker-9] INFO  o.e.m.c.i.embedder.EclipseLogger - skip non existing resourceDirectory /Volumes/Macintosh HD/Users/lucienmadl/GitHub/ese2015-team7/Prototype/Skeleton/src/test/resources
2015-11-01 14:55:40,040 [Worker-8] INFO  o.e.m.c.i.embedder.EclipseLogger - Using 'UTF-8' encoding to copy filtered resources.
2015-11-01 14:55:40,041 [Worker-8] INFO  o.e.m.c.i.embedder.EclipseLogger - skip non existing resourceDirectory /Volumes/Macintosh HD/Users/lucienmadl/GitHub/ese2015-team7/Prototype/Skeleton/src/main/resources
2015-11-01 14:55:40,042 [Worker-8] INFO  o.e.m.c.i.embedder.EclipseLogger - Using 'UTF-8' encoding to copy filtered resources.
2015-11-01 14:55:40,043 [Worker-8] INFO  o.e.m.c.i.embedder.EclipseLogger - skip non existing resourceDirectory /Volumes/Macintosh HD/Users/lucienmadl/GitHub/ese2015-team7/Prototype/Skeleton/src/test/resources
2015-11-01 14:55:44,626 [main] INFO  o.e.m2e.actions.ExecutePomAction - Creating new launch configuration
2015-11-01 14:55:59,382 [Worker-11] INFO  o.e.m.i.launch.MavenLaunchDelegate - /Volumes/Macintosh HD/Users/lucienmadl/GitHub/ese2015-team7/Prototype/Skeleton
2015-11-01 14:55:59,382 [Worker-11] INFO  o.e.m.i.launch.MavenLaunchDelegate -  mvn  -B jetty:stop jetty:run
2015-11-01 14:59:50,740 [Worker-6] INFO  o.e.m.c.i.embedder.EclipseLogger - Using 'UTF-8' encoding to copy filtered resources.
2015-11-01 14:59:50,741 [Worker-6] INFO  o.e.m.c.i.embedder.EclipseLogger - skip non existing resourceDirectory /Volumes/Macintosh HD/Users/lucienmadl/GitHub/ese2015-team7/Prototype/Skeleton/src/main/resources
2015-11-01 14:59:50,743 [Worker-6] INFO  o.e.m.c.i.embedder.EclipseLogger - Using 'UTF-8' encoding to copy filtered resources.
2015-11-01 14:59:50,743 [Worker-6] INFO  o.e.m.c.i.embedder.EclipseLogger - skip non existing resourceDirectory /Volumes/Macintosh HD/Users/lucienmadl/GitHub/ese2015-team7/Prototype/Skeleton/src/test/resources
2015-11-01 15:00:28,733 [Worker-1] INFO  o.e.m.i.launch.MavenLaunchDelegate - /Volumes/Macintosh HD/Users/lucienmadl/GitHub/ese2015-team7/Prototype/Skeleton
2015-11-01 15:00:28,734 [Worker-1] INFO  o.e.m.i.launch.MavenLaunchDelegate -  mvn  -B jetty:stop jetty:run
2015-11-01 15:01:09,981 [Worker-17] INFO  o.e.m.c.i.embedder.EclipseLogger - Using 'UTF-8' encoding to copy filtered resources.
2015-11-01 15:01:09,981 [Worker-17] INFO  o.e.m.c.i.embedder.EclipseLogger - skip non existing resourceDirectory /Volumes/Macintosh HD/Users/lucienmadl/GitHub/ese2015-team7/Prototype/Skeleton/src/main/resources
2015-11-01 15:01:09,983 [Worker-17] INFO  o.e.m.c.i.embedder.EclipseLogger - Using 'UTF-8' encoding to copy filtered resources.
2015-11-01 15:01:09,983 [Worker-17] INFO  o.e.m.c.i.embedder.EclipseLogger - skip non existing resourceDirectory /Volumes/Macintosh HD/Users/lucienmadl/GitHub/ese2015-team7/Prototype/Skeleton/src/test/resources
2015-11-01 15:06:36,208 [Worker-3] INFO  o.e.m.c.i.embedder.EclipseLogger - Using 'UTF-8' encoding to copy filtered resources.
2015-11-01 15:06:36,220 [Worker-3] INFO  o.e.m.c.i.embedder.EclipseLogger - skip non existing resourceDirectory /Volumes/Macintosh HD/Users/lucienmadl/GitHub/ese2015-team7/Prototype/Skeleton/src/main/resources
2015-11-01 15:06:36,224 [Worker-3] INFO  o.e.m.c.i.embedder.EclipseLogger - Using 'UTF-8' encoding to copy filtered resources.
2015-11-01 15:06:36,224 [Worker-3] INFO  o.e.m.c.i.embedder.EclipseLogger - skip non existing resourceDirectory /Volumes/Macintosh HD/Users/lucienmadl/GitHub/ese2015-team7/Prototype/Skeleton/src/test/resources
2015-11-01 15:06:40,459 [Worker-4] INFO  o.e.m.c.i.embedder.EclipseLogger - Using 'UTF-8' encoding to copy filtered resources.
2015-11-01 15:06:40,461 [Worker-4] INFO  o.e.m.c.i.embedder.EclipseLogger - skip non existing resourceDirectory /Volumes/Macintosh HD/Users/lucienmadl/GitHub/ese2015-team7/Prototype/Skeleton/src/main/resources
2015-11-01 15:06:40,464 [Worker-4] INFO  o.e.m.c.i.embedder.EclipseLogger - Using 'UTF-8' encoding to copy filtered resources.
2015-11-01 15:06:40,464 [Worker-4] INFO  o.e.m.c.i.embedder.EclipseLogger - skip non existing resourceDirectory /Volumes/Macintosh HD/Users/lucienmadl/GitHub/ese2015-team7/Prototype/Skeleton/src/test/resources
2015-11-01 15:06:49,499 [Worker-2] INFO  o.e.m.c.i.embedder.EclipseLogger - Using 'UTF-8' encoding to copy filtered resources.
2015-11-01 15:06:49,499 [Worker-2] INFO  o.e.m.c.i.embedder.EclipseLogger - skip non existing resourceDirectory /Volumes/Macintosh HD/Users/lucienmadl/GitHub/ese2015-team7/Prototype/Skeleton/src/main/resources
2015-11-01 15:06:49,501 [Worker-2] INFO  o.e.m.c.i.embedder.EclipseLogger - Using 'UTF-8' encoding to copy filtered resources.
2015-11-01 15:06:49,501 [Worker-2] INFO  o.e.m.c.i.embedder.EclipseLogger - skip non existing resourceDirectory /Volumes/Macintosh HD/Users/lucienmadl/GitHub/ese2015-team7/Prototype/Skeleton/src/test/resources
2015-11-01 15:10:22,225 [Worker-17] INFO  o.e.m.c.i.embedder.EclipseLogger - Using 'UTF-8' encoding to copy filtered resources.
2015-11-01 15:10:22,226 [Worker-17] INFO  o.e.m.c.i.embedder.EclipseLogger - skip non existing resourceDirectory /Volumes/Macintosh HD/Users/lucienmadl/GitHub/ese2015-team7/Prototype/Skeleton/src/main/resources
2015-11-01 15:10:22,228 [Worker-17] INFO  o.e.m.c.i.embedder.EclipseLogger - Using 'UTF-8' encoding to copy filtered resources.
2015-11-01 15:10:22,228 [Worker-17] INFO  o.e.m.c.i.embedder.EclipseLogger - skip non existing resourceDirectory /Volumes/Macintosh HD/Users/lucienmadl/GitHub/ese2015-team7/Prototype/Skeleton/src/test/resources
2015-11-01 15:10:40,991 [Worker-16] INFO  o.e.m.c.i.embedder.EclipseLogger - Using 'UTF-8' encoding to copy filtered resources.
2015-11-01 15:10:40,992 [Worker-16] INFO  o.e.m.c.i.embedder.EclipseLogger - skip non existing resourceDirectory /Volumes/Macintosh HD/Users/lucienmadl/GitHub/ese2015-team7/Prototype/Skeleton/src/main/resources
2015-11-01 15:10:40,994 [Worker-16] INFO  o.e.m.c.i.embedder.EclipseLogger - Using 'UTF-8' encoding to copy filtered resources.
2015-11-01 15:10:40,994 [Worker-16] INFO  o.e.m.c.i.embedder.EclipseLogger - skip non existing resourceDirectory /Volumes/Macintosh HD/Users/lucienmadl/GitHub/ese2015-team7/Prototype/Skeleton/src/test/resources
2015-11-01 15:10:56,966 [Worker-6] INFO  o.e.m.c.i.embedder.EclipseLogger - Using 'UTF-8' encoding to copy filtered resources.
2015-11-01 15:10:56,966 [Worker-6] INFO  o.e.m.c.i.embedder.EclipseLogger - skip non existing resourceDirectory /Volumes/Macintosh HD/Users/lucienmadl/GitHub/ese2015-team7/Prototype/Skeleton/src/main/resources
2015-11-01 15:10:56,969 [Worker-6] INFO  o.e.m.c.i.embedder.EclipseLogger - Using 'UTF-8' encoding to copy filtered resources.
2015-11-01 15:10:56,970 [Worker-6] INFO  o.e.m.c.i.embedder.EclipseLogger - skip non existing resourceDirectory /Volumes/Macintosh HD/Users/lucienmadl/GitHub/ese2015-team7/Prototype/Skeleton/src/test/resources
2015-11-01 15:11:06,203 [Worker-2] INFO  o.e.m.c.i.embedder.EclipseLogger - Using 'UTF-8' encoding to copy filtered resources.
2015-11-01 15:11:06,203 [Worker-2] INFO  o.e.m.c.i.embedder.EclipseLogger - skip non existing resourceDirectory /Volumes/Macintosh HD/Users/lucienmadl/GitHub/ese2015-team7/Prototype/Skeleton/src/main/resources
2015-11-01 15:11:06,204 [Worker-2] INFO  o.e.m.c.i.embedder.EclipseLogger - Using 'UTF-8' encoding to copy filtered resources.
2015-11-01 15:11:06,205 [Worker-2] INFO  o.e.m.c.i.embedder.EclipseLogger - skip non existing resourceDirectory /Volumes/Macintosh HD/Users/lucienmadl/GitHub/ese2015-team7/Prototype/Skeleton/src/test/resources
2015-11-01 15:11:25,476 [Worker-18] INFO  o.e.m.i.launch.MavenLaunchDelegate - /Volumes/Macintosh HD/Users/lucienmadl/GitHub/ese2015-team7/Prototype/Skeleton
2015-11-01 15:11:25,477 [Worker-18] INFO  o.e.m.i.launch.MavenLaunchDelegate -  mvn  -B jetty:stop jetty:run
2015-11-01 15:39:23,734 [Worker-20] INFO  o.e.m.c.i.l.LifecycleMappingFactory - Using org.maven.ide.eclipse.wtp.WarLifecycleMapping lifecycle mapping for MavenProject: Skeleton:Skeleton:1.0 @ /Volumes/Macintosh HD/Users/lucienmadl/GitHub/ese2015-team7/Prototype/Skeleton/pom.xml.
2015-11-01 15:39:25,726 [Worker-20] INFO  o.e.m.c.i.embedder.EclipseLogger - Using 'UTF-8' encoding to copy filtered resources.
2015-11-01 15:39:25,727 [Worker-20] INFO  o.e.m.c.i.embedder.EclipseLogger - skip non existing resourceDirectory /Volumes/Macintosh HD/Users/lucienmadl/GitHub/ese2015-team7/Prototype/Skeleton/src/main/resources
2015-11-01 15:39:25,729 [Worker-20] INFO  o.e.m.c.i.embedder.EclipseLogger - Using 'UTF-8' encoding to copy filtered resources.
2015-11-01 15:39:25,730 [Worker-20] INFO  o.e.m.c.i.embedder.EclipseLogger - skip non existing resourceDirectory /Volumes/Macintosh HD/Users/lucienmadl/GitHub/ese2015-team7/Prototype/Skeleton/src/test/resources
2015-11-01 15:39:26,325 [Worker-22] INFO  o.e.m.c.i.l.LifecycleMappingFactory - Using org.maven.ide.eclipse.wtp.WarLifecycleMapping lifecycle mapping for MavenProject: Skeleton:Skeleton:1.0 @ /Volumes/Macintosh HD/Users/lucienmadl/GitHub/ese2015-team7/Prototype/Skeleton/pom.xml.
2015-11-01 15:39:28,788 [Worker-19] INFO  o.e.m.c.i.embedder.EclipseLogger - Using 'UTF-8' encoding to copy filtered resources.
2015-11-01 15:39:28,790 [Worker-19] INFO  o.e.m.c.i.embedder.EclipseLogger - skip non existing resourceDirectory /Volumes/Macintosh HD/Users/lucienmadl/GitHub/ese2015-team7/Prototype/Skeleton/src/main/resources
2015-11-01 15:39:28,796 [Worker-19] INFO  o.e.m.c.i.embedder.EclipseLogger - Using 'UTF-8' encoding to copy filtered resources.
2015-11-01 15:39:28,796 [Worker-19] INFO  o.e.m.c.i.embedder.EclipseLogger - skip non existing resourceDirectory /Volumes/Macintosh HD/Users/lucienmadl/GitHub/ese2015-team7/Prototype/Skeleton/src/test/resources
2015-11-01 15:39:45,033 [Worker-22] INFO  o.e.m.i.launch.MavenLaunchDelegate - /Volumes/Macintosh HD/Users/lucienmadl/GitHub/ese2015-team7/Prototype/Skeleton
2015-11-01 15:39:45,034 [Worker-22] INFO  o.e.m.i.launch.MavenLaunchDelegate -  mvn  -B jetty:stop jetty:run
2015-11-01 15:40:36,478 [Worker-10] INFO  o.e.m.i.launch.MavenLaunchDelegate - /Volumes/Macintosh HD/Users/lucienmadl/GitHub/ese2015-team7/Prototype/Skeleton
2015-11-01 15:40:36,478 [Worker-10] INFO  o.e.m.i.launch.MavenLaunchDelegate -  mvn  -B jetty:stop jetty:run
2015-11-01 19:04:29,751 [Worker-37] INFO  o.e.m.i.launch.MavenLaunchDelegate - /Volumes/Macintosh HD/Users/lucienmadl/GitHub/ese2015-team7/Prototype/Skeleton
2015-11-01 19:04:29,755 [Worker-37] INFO  o.e.m.i.launch.MavenLaunchDelegate -  mvn  -B jetty:stop jetty:run
2015-11-01 19:11:23,621 [Worker-39] INFO  o.e.m.i.launch.MavenLaunchDelegate - /Volumes/Macintosh HD/Users/lucienmadl/GitHub/ese2015-team7/Prototype/Skeleton
2015-11-01 19:11:23,622 [Worker-39] INFO  o.e.m.i.launch.MavenLaunchDelegate -  mvn  -B jetty:stop jetty:run
2015-11-01 19:34:05,381 [Worker-39] INFO  o.e.m.c.i.embedder.EclipseLogger - Using 'UTF-8' encoding to copy filtered resources.
2015-11-01 19:34:05,382 [Worker-39] INFO  o.e.m.c.i.embedder.EclipseLogger - skip non existing resourceDirectory /Volumes/Macintosh HD/Users/lucienmadl/GitHub/ese2015-team7/Prototype/Skeleton/src/main/resources
2015-11-01 19:34:05,383 [Worker-39] INFO  o.e.m.c.i.embedder.EclipseLogger - Using 'UTF-8' encoding to copy filtered resources.
2015-11-01 19:34:05,383 [Worker-39] INFO  o.e.m.c.i.embedder.EclipseLogger - skip non existing resourceDirectory /Volumes/Macintosh HD/Users/lucienmadl/GitHub/ese2015-team7/Prototype/Skeleton/src/test/resources
2015-11-01 20:29:43,144 [Worker-26] INFO  o.e.m.c.i.embedder.EclipseLogger - Using 'UTF-8' encoding to copy filtered resources.
2015-11-01 20:29:43,177 [Worker-26] INFO  o.e.m.c.i.embedder.EclipseLogger - skip non existing resourceDirectory /Volumes/Macintosh HD/Users/lucienmadl/GitHub/ese2015-team7/Prototype/Skeleton/src/main/resources
2015-11-01 20:29:43,187 [Worker-26] INFO  o.e.m.c.i.embedder.EclipseLogger - Using 'UTF-8' encoding to copy filtered resources.
2015-11-01 20:29:43,187 [Worker-26] INFO  o.e.m.c.i.embedder.EclipseLogger - skip non existing resourceDirectory /Volumes/Macintosh HD/Users/lucienmadl/GitHub/ese2015-team7/Prototype/Skeleton/src/test/resources
2015-11-01 20:29:44,229 [Worker-42] INFO  o.e.m.c.i.embedder.EclipseLogger - Using 'UTF-8' encoding to copy filtered resources.
2015-11-01 20:29:44,229 [Worker-42] INFO  o.e.m.c.i.embedder.EclipseLogger - skip non existing resourceDirectory /Volumes/Macintosh HD/Users/lucienmadl/GitHub/ese2015-team7/Prototype/Skeleton/src/main/resources
2015-11-01 20:29:44,231 [Worker-42] INFO  o.e.m.c.i.embedder.EclipseLogger - Using 'UTF-8' encoding to copy filtered resources.
2015-11-01 20:29:44,231 [Worker-42] INFO  o.e.m.c.i.embedder.EclipseLogger - skip non existing resourceDirectory /Volumes/Macintosh HD/Users/lucienmadl/GitHub/ese2015-team7/Prototype/Skeleton/src/test/resources
2015-11-01 20:32:36,769 [Worker-40] INFO  o.e.m.c.i.embedder.EclipseLogger - Using 'UTF-8' encoding to copy filtered resources.
2015-11-01 20:32:36,769 [Worker-40] INFO  o.e.m.c.i.embedder.EclipseLogger - skip non existing resourceDirectory /Volumes/Macintosh HD/Users/lucienmadl/GitHub/ese2015-team7/Prototype/Skeleton/src/main/resources
2015-11-01 20:32:36,771 [Worker-40] INFO  o.e.m.c.i.embedder.EclipseLogger - Using 'UTF-8' encoding to copy filtered resources.
2015-11-01 20:32:36,772 [Worker-40] INFO  o.e.m.c.i.embedder.EclipseLogger - skip non existing resourceDirectory /Volumes/Macintosh HD/Users/lucienmadl/GitHub/ese2015-team7/Prototype/Skeleton/src/test/resources
2015-11-01 20:38:49,519 [Worker-26] INFO  o.e.m.c.i.embedder.EclipseLogger - Using 'UTF-8' encoding to copy filtered resources.
2015-11-01 20:38:49,519 [Worker-26] INFO  o.e.m.c.i.embedder.EclipseLogger - skip non existing resourceDirectory /Volumes/Macintosh HD/Users/lucienmadl/GitHub/ese2015-team7/Prototype/Skeleton/src/main/resources
2015-11-01 20:38:49,520 [Worker-26] INFO  o.e.m.c.i.embedder.EclipseLogger - Using 'UTF-8' encoding to copy filtered resources.
2015-11-01 20:38:49,520 [Worker-26] INFO  o.e.m.c.i.embedder.EclipseLogger - skip non existing resourceDirectory /Volumes/Macintosh HD/Users/lucienmadl/GitHub/ese2015-team7/Prototype/Skeleton/src/test/resources
2015-11-01 20:39:11,791 [Worker-39] INFO  o.e.m.c.i.embedder.EclipseLogger - Using 'UTF-8' encoding to copy filtered resources.
2015-11-01 20:39:11,791 [Worker-39] INFO  o.e.m.c.i.embedder.EclipseLogger - skip non existing resourceDirectory /Volumes/Macintosh HD/Users/lucienmadl/GitHub/ese2015-team7/Prototype/Skeleton/src/main/resources
2015-11-01 20:39:11,792 [Worker-39] INFO  o.e.m.c.i.embedder.EclipseLogger - Using 'UTF-8' encoding to copy filtered resources.
2015-11-01 20:39:11,792 [Worker-39] INFO  o.e.m.c.i.embedder.EclipseLogger - skip non existing resourceDirectory /Volumes/Macintosh HD/Users/lucienmadl/GitHub/ese2015-team7/Prototype/Skeleton/src/test/resources
2015-11-01 20:39:44,399 [Worker-34] INFO  o.e.m.c.i.embedder.EclipseLogger - Using 'UTF-8' encoding to copy filtered resources.
2015-11-01 20:39:44,400 [Worker-34] INFO  o.e.m.c.i.embedder.EclipseLogger - skip non existing resourceDirectory /Volumes/Macintosh HD/Users/lucienmadl/GitHub/ese2015-team7/Prototype/Skeleton/src/main/resources
2015-11-01 20:39:44,402 [Worker-34] INFO  o.e.m.c.i.embedder.EclipseLogger - Using 'UTF-8' encoding to copy filtered resources.
2015-11-01 20:39:44,402 [Worker-34] INFO  o.e.m.c.i.embedder.EclipseLogger - skip non existing resourceDirectory /Volumes/Macintosh HD/Users/lucienmadl/GitHub/ese2015-team7/Prototype/Skeleton/src/test/resources
2015-11-01 20:40:26,401 [Worker-38] INFO  o.e.m.c.i.embedder.EclipseLogger - Using 'UTF-8' encoding to copy filtered resources.
2015-11-01 20:40:26,402 [Worker-38] INFO  o.e.m.c.i.embedder.EclipseLogger - skip non existing resourceDirectory /Volumes/Macintosh HD/Users/lucienmadl/GitHub/ese2015-team7/Prototype/Skeleton/src/main/resources
2015-11-01 20:40:26,403 [Worker-38] INFO  o.e.m.c.i.embedder.EclipseLogger - Using 'UTF-8' encoding to copy filtered resources.
2015-11-01 20:40:26,403 [Worker-38] INFO  o.e.m.c.i.embedder.EclipseLogger - skip non existing resourceDirectory /Volumes/Macintosh HD/Users/lucienmadl/GitHub/ese2015-team7/Prototype/Skeleton/src/test/resources
2015-11-01 20:52:10,541 [Worker-40] INFO  o.e.m.c.i.embedder.EclipseLogger - Using 'UTF-8' encoding to copy filtered resources.
2015-11-01 20:52:10,553 [Worker-40] INFO  o.e.m.c.i.embedder.EclipseLogger - skip non existing resourceDirectory /Volumes/Macintosh HD/Users/lucienmadl/GitHub/ese2015-team7/Prototype/Skeleton/src/main/resources
2015-11-01 20:52:10,557 [Worker-40] INFO  o.e.m.c.i.embedder.EclipseLogger - Using 'UTF-8' encoding to copy filtered resources.
2015-11-01 20:52:10,557 [Worker-40] INFO  o.e.m.c.i.embedder.EclipseLogger - skip non existing resourceDirectory /Volumes/Macintosh HD/Users/lucienmadl/GitHub/ese2015-team7/Prototype/Skeleton/src/test/resources
2015-11-01 20:54:57,852 [Worker-40] INFO  o.e.m.c.i.embedder.EclipseLogger - Using 'UTF-8' encoding to copy filtered resources.
2015-11-01 20:54:57,852 [Worker-40] INFO  o.e.m.c.i.embedder.EclipseLogger - skip non existing resourceDirectory /Volumes/Macintosh HD/Users/lucienmadl/GitHub/ese2015-team7/Prototype/Skeleton/src/main/resources
2015-11-01 20:54:57,853 [Worker-40] INFO  o.e.m.c.i.embedder.EclipseLogger - Using 'UTF-8' encoding to copy filtered resources.
2015-11-01 20:54:57,854 [Worker-40] INFO  o.e.m.c.i.embedder.EclipseLogger - skip non existing resourceDirectory /Volumes/Macintosh HD/Users/lucienmadl/GitHub/ese2015-team7/Prototype/Skeleton/src/test/resources
2015-11-01 20:56:05,415 [Worker-40] INFO  o.e.m.c.i.embedder.EclipseLogger - Using 'UTF-8' encoding to copy filtered resources.
2015-11-01 20:56:05,415 [Worker-40] INFO  o.e.m.c.i.embedder.EclipseLogger - skip non existing resourceDirectory /Volumes/Macintosh HD/Users/lucienmadl/GitHub/ese2015-team7/Prototype/Skeleton/src/main/resources
2015-11-01 20:56:05,417 [Worker-40] INFO  o.e.m.c.i.embedder.EclipseLogger - Using 'UTF-8' encoding to copy filtered resources.
2015-11-01 20:56:05,417 [Worker-40] INFO  o.e.m.c.i.embedder.EclipseLogger - skip non existing resourceDirectory /Volumes/Macintosh HD/Users/lucienmadl/GitHub/ese2015-team7/Prototype/Skeleton/src/test/resources
2015-11-01 20:56:15,946 [Worker-39] INFO  o.e.m.i.launch.MavenLaunchDelegate - /Volumes/Macintosh HD/Users/lucienmadl/GitHub/ese2015-team7/Prototype/Skeleton
2015-11-01 20:56:15,946 [Worker-39] INFO  o.e.m.i.launch.MavenLaunchDelegate -  mvn  -B jetty:stop jetty:run
2015-11-01 21:04:29,038 [Worker-40] INFO  o.e.m.c.i.embedder.EclipseLogger - Using 'UTF-8' encoding to copy filtered resources.
2015-11-01 21:04:29,038 [Worker-40] INFO  o.e.m.c.i.embedder.EclipseLogger - skip non existing resourceDirectory /Volumes/Macintosh HD/Users/lucienmadl/GitHub/ese2015-team7/Prototype/Skeleton/src/main/resources
2015-11-01 21:04:29,040 [Worker-40] INFO  o.e.m.c.i.embedder.EclipseLogger - Using 'UTF-8' encoding to copy filtered resources.
2015-11-01 21:04:29,040 [Worker-40] INFO  o.e.m.c.i.embedder.EclipseLogger - skip non existing resourceDirectory /Volumes/Macintosh HD/Users/lucienmadl/GitHub/ese2015-team7/Prototype/Skeleton/src/test/resources
2015-11-01 21:04:30,055 [Worker-40] INFO  o.e.m.c.i.embedder.EclipseLogger - Using 'UTF-8' encoding to copy filtered resources.
2015-11-01 21:04:30,055 [Worker-40] INFO  o.e.m.c.i.embedder.EclipseLogger - skip non existing resourceDirectory /Volumes/Macintosh HD/Users/lucienmadl/GitHub/ese2015-team7/Prototype/Skeleton/src/main/resources
2015-11-01 21:04:30,056 [Worker-40] INFO  o.e.m.c.i.embedder.EclipseLogger - Using 'UTF-8' encoding to copy filtered resources.
2015-11-01 21:04:30,057 [Worker-40] INFO  o.e.m.c.i.embedder.EclipseLogger - skip non existing resourceDirectory /Volumes/Macintosh HD/Users/lucienmadl/GitHub/ese2015-team7/Prototype/Skeleton/src/test/resources
2015-11-01 21:05:03,342 [Worker-44] INFO  o.e.m.c.i.embedder.EclipseLogger - Using 'UTF-8' encoding to copy filtered resources.
2015-11-01 21:05:03,342 [Worker-44] INFO  o.e.m.c.i.embedder.EclipseLogger - skip non existing resourceDirectory /Volumes/Macintosh HD/Users/lucienmadl/GitHub/ese2015-team7/Prototype/Skeleton/src/main/resources
2015-11-01 21:05:03,343 [Worker-44] INFO  o.e.m.c.i.embedder.EclipseLogger - Using 'UTF-8' encoding to copy filtered resources.
2015-11-01 21:05:03,344 [Worker-44] INFO  o.e.m.c.i.embedder.EclipseLogger - skip non existing resourceDirectory /Volumes/Macintosh HD/Users/lucienmadl/GitHub/ese2015-team7/Prototype/Skeleton/src/test/resources
2015-11-01 21:05:10,006 [Worker-38] INFO  o.e.m.i.launch.MavenLaunchDelegate - /Volumes/Macintosh HD/Users/lucienmadl/GitHub/ese2015-team7/Prototype/Skeleton
2015-11-01 21:05:10,006 [Worker-38] INFO  o.e.m.i.launch.MavenLaunchDelegate -  mvn  -B jetty:stop jetty:run
2015-11-01 21:05:40,011 [Worker-34] INFO  o.e.m.i.launch.MavenLaunchDelegate - /Volumes/Macintosh HD/Users/lucienmadl/GitHub/ese2015-team7/Prototype/Skeleton
2015-11-01 21:05:40,011 [Worker-34] INFO  o.e.m.i.launch.MavenLaunchDelegate -  mvn  -B jetty:stop jetty:run
2015-11-01 21:07:55,153 [Worker-34] INFO  o.e.m.c.i.embedder.EclipseLogger - Using 'UTF-8' encoding to copy filtered resources.
2015-11-01 21:07:55,153 [Worker-34] INFO  o.e.m.c.i.embedder.EclipseLogger - skip non existing resourceDirectory /Volumes/Macintosh HD/Users/lucienmadl/GitHub/ese2015-team7/Prototype/Skeleton/src/main/resources
2015-11-01 21:07:55,154 [Worker-34] INFO  o.e.m.c.i.embedder.EclipseLogger - Using 'UTF-8' encoding to copy filtered resources.
2015-11-01 21:07:55,155 [Worker-34] INFO  o.e.m.c.i.embedder.EclipseLogger - skip non existing resourceDirectory /Volumes/Macintosh HD/Users/lucienmadl/GitHub/ese2015-team7/Prototype/Skeleton/src/test/resources
2015-11-01 21:08:03,679 [Worker-39] INFO  o.e.m.i.launch.MavenLaunchDelegate - /Volumes/Macintosh HD/Users/lucienmadl/GitHub/ese2015-team7/Prototype/Skeleton
2015-11-01 21:08:03,679 [Worker-39] INFO  o.e.m.i.launch.MavenLaunchDelegate -  mvn  -B jetty:stop jetty:run
2015-11-01 21:12:03,981 [Worker-38] INFO  o.e.m.c.i.embedder.EclipseLogger - Using 'UTF-8' encoding to copy filtered resources.
2015-11-01 21:12:03,981 [Worker-38] INFO  o.e.m.c.i.embedder.EclipseLogger - skip non existing resourceDirectory /Volumes/Macintosh HD/Users/lucienmadl/GitHub/ese2015-team7/Prototype/Skeleton/src/main/resources
2015-11-01 21:12:03,983 [Worker-38] INFO  o.e.m.c.i.embedder.EclipseLogger - Using 'UTF-8' encoding to copy filtered resources.
2015-11-01 21:12:03,983 [Worker-38] INFO  o.e.m.c.i.embedder.EclipseLogger - skip non existing resourceDirectory /Volumes/Macintosh HD/Users/lucienmadl/GitHub/ese2015-team7/Prototype/Skeleton/src/test/resources
2015-11-01 21:12:11,186 [main] INFO  o.e.m2e.actions.ExecutePomAction - Creating new launch configuration
2015-11-01 21:12:26,981 [Worker-46] INFO  o.e.m.i.launch.MavenLaunchDelegate - /Volumes/Macintosh HD/Users/lucienmadl/GitHub/ese2015-team7/Prototype/Skeleton
2015-11-01 21:12:26,982 [Worker-46] INFO  o.e.m.i.launch.MavenLaunchDelegate -  mvn  -B jetty:stop jetty:run
2015-11-01 21:12:27,151 [Worker-38] INFO  o.e.m.c.i.embedder.EclipseLogger - Using 'UTF-8' encoding to copy filtered resources.
2015-11-01 21:12:27,151 [Worker-38] INFO  o.e.m.c.i.embedder.EclipseLogger - skip non existing resourceDirectory /Volumes/Macintosh HD/Users/lucienmadl/GitHub/ese2015-team7/Prototype/Skeleton/src/main/resources
2015-11-01 21:12:27,154 [Worker-38] INFO  o.e.m.c.i.embedder.EclipseLogger - Using 'UTF-8' encoding to copy filtered resources.
2015-11-01 21:12:27,154 [Worker-38] INFO  o.e.m.c.i.embedder.EclipseLogger - skip non existing resourceDirectory /Volumes/Macintosh HD/Users/lucienmadl/GitHub/ese2015-team7/Prototype/Skeleton/src/test/resources
2015-11-01 21:20:02,088 [Worker-46] INFO  o.e.m.c.i.embedder.EclipseLogger - Using 'UTF-8' encoding to copy filtered resources.
2015-11-01 21:20:02,088 [Worker-46] INFO  o.e.m.c.i.embedder.EclipseLogger - skip non existing resourceDirectory /Volumes/Macintosh HD/Users/lucienmadl/GitHub/ese2015-team7/Prototype/Skeleton/src/main/resources
2015-11-01 21:20:02,089 [Worker-46] INFO  o.e.m.c.i.embedder.EclipseLogger - Using 'UTF-8' encoding to copy filtered resources.
2015-11-01 21:20:02,089 [Worker-46] INFO  o.e.m.c.i.embedder.EclipseLogger - skip non existing resourceDirectory /Volumes/Macintosh HD/Users/lucienmadl/GitHub/ese2015-team7/Prototype/Skeleton/src/test/resources
2015-11-01 21:20:20,694 [Worker-34] INFO  o.e.m.i.launch.MavenLaunchDelegate - /Volumes/Macintosh HD/Users/lucienmadl/GitHub/ese2015-team7/Prototype/Skeleton
2015-11-01 21:20:20,695 [Worker-34] INFO  o.e.m.i.launch.MavenLaunchDelegate -  mvn  -B jetty:stop jetty:run
2015-11-01 21:35:19,706 [Worker-40] INFO  o.e.m.c.i.embedder.EclipseLogger - Using 'UTF-8' encoding to copy filtered resources.
2015-11-01 21:35:19,714 [Worker-40] INFO  o.e.m.c.i.embedder.EclipseLogger - skip non existing resourceDirectory /Volumes/Macintosh HD/Users/lucienmadl/GitHub/ese2015-team7/Prototype/Skeleton/src/main/resources
2015-11-01 21:35:19,716 [Worker-40] INFO  o.e.m.c.i.embedder.EclipseLogger - Using 'UTF-8' encoding to copy filtered resources.
2015-11-01 21:35:19,716 [Worker-40] INFO  o.e.m.c.i.embedder.EclipseLogger - skip non existing resourceDirectory /Volumes/Macintosh HD/Users/lucienmadl/GitHub/ese2015-team7/Prototype/Skeleton/src/test/resources
2015-11-01 21:35:20,736 [Worker-49] INFO  o.e.m.c.i.embedder.EclipseLogger - Using 'UTF-8' encoding to copy filtered resources.
2015-11-01 21:35:20,736 [Worker-49] INFO  o.e.m.c.i.embedder.EclipseLogger - skip non existing resourceDirectory /Volumes/Macintosh HD/Users/lucienmadl/GitHub/ese2015-team7/Prototype/Skeleton/src/main/resources
2015-11-01 21:35:20,737 [Worker-49] INFO  o.e.m.c.i.embedder.EclipseLogger - Using 'UTF-8' encoding to copy filtered resources.
2015-11-01 21:35:20,737 [Worker-49] INFO  o.e.m.c.i.embedder.EclipseLogger - skip non existing resourceDirectory /Volumes/Macintosh HD/Users/lucienmadl/GitHub/ese2015-team7/Prototype/Skeleton/src/test/resources
2015-11-01 21:35:31,060 [Worker-47] INFO  o.e.m.i.launch.MavenLaunchDelegate - /Volumes/Macintosh HD/Users/lucienmadl/GitHub/ese2015-team7/Prototype/Skeleton
2015-11-01 21:35:31,061 [Worker-47] INFO  o.e.m.i.launch.MavenLaunchDelegate -  mvn  -B jetty:stop jetty:run
2015-11-01 21:38:10,609 [Worker-40] INFO  o.e.m.c.i.embedder.EclipseLogger - Using 'UTF-8' encoding to copy filtered resources.
2015-11-01 21:38:10,610 [Worker-40] INFO  o.e.m.c.i.embedder.EclipseLogger - skip non existing resourceDirectory /Volumes/Macintosh HD/Users/lucienmadl/GitHub/ese2015-team7/Prototype/Skeleton/src/main/resources
2015-11-01 21:38:10,610 [Worker-40] INFO  o.e.m.c.i.embedder.EclipseLogger - Using 'UTF-8' encoding to copy filtered resources.
2015-11-01 21:38:10,611 [Worker-40] INFO  o.e.m.c.i.embedder.EclipseLogger - skip non existing resourceDirectory /Volumes/Macintosh HD/Users/lucienmadl/GitHub/ese2015-team7/Prototype/Skeleton/src/test/resources
2015-11-01 21:39:33,046 [Worker-48] INFO  o.e.m.c.i.embedder.EclipseLogger - Using 'UTF-8' encoding to copy filtered resources.
2015-11-01 21:39:33,046 [Worker-48] INFO  o.e.m.c.i.embedder.EclipseLogger - skip non existing resourceDirectory /Volumes/Macintosh HD/Users/lucienmadl/GitHub/ese2015-team7/Prototype/Skeleton/src/main/resources
2015-11-01 21:39:33,048 [Worker-48] INFO  o.e.m.c.i.embedder.EclipseLogger - Using 'UTF-8' encoding to copy filtered resources.
2015-11-01 21:39:33,048 [Worker-48] INFO  o.e.m.c.i.embedder.EclipseLogger - skip non existing resourceDirectory /Volumes/Macintosh HD/Users/lucienmadl/GitHub/ese2015-team7/Prototype/Skeleton/src/test/resources
2015-11-01 21:39:41,009 [Worker-46] INFO  o.e.m.c.i.embedder.EclipseLogger - Using 'UTF-8' encoding to copy filtered resources.
2015-11-01 21:39:41,010 [Worker-46] INFO  o.e.m.c.i.embedder.EclipseLogger - skip non existing resourceDirectory /Volumes/Macintosh HD/Users/lucienmadl/GitHub/ese2015-team7/Prototype/Skeleton/src/main/resources
2015-11-01 21:39:41,011 [Worker-46] INFO  o.e.m.c.i.embedder.EclipseLogger - Using 'UTF-8' encoding to copy filtered resources.
2015-11-01 21:39:41,011 [Worker-46] INFO  o.e.m.c.i.embedder.EclipseLogger - skip non existing resourceDirectory /Volumes/Macintosh HD/Users/lucienmadl/GitHub/ese2015-team7/Prototype/Skeleton/src/test/resources
2015-11-01 21:39:58,959 [Worker-47] INFO  o.e.m.i.launch.MavenLaunchDelegate - /Volumes/Macintosh HD/Users/lucienmadl/GitHub/ese2015-team7/Prototype/Skeleton
2015-11-01 21:39:58,960 [Worker-47] INFO  o.e.m.i.launch.MavenLaunchDelegate -  mvn  -B jetty:stop jetty:run
2015-11-01 21:40:32,741 [Worker-39] INFO  o.e.m.c.i.embedder.EclipseLogger - Using 'UTF-8' encoding to copy filtered resources.
2015-11-01 21:40:32,742 [Worker-39] INFO  o.e.m.c.i.embedder.EclipseLogger - skip non existing resourceDirectory /Volumes/Macintosh HD/Users/lucienmadl/GitHub/ese2015-team7/Prototype/Skeleton/src/main/resources
2015-11-01 21:40:32,743 [Worker-39] INFO  o.e.m.c.i.embedder.EclipseLogger - Using 'UTF-8' encoding to copy filtered resources.
2015-11-01 21:40:32,743 [Worker-39] INFO  o.e.m.c.i.embedder.EclipseLogger - skip non existing resourceDirectory /Volumes/Macintosh HD/Users/lucienmadl/GitHub/ese2015-team7/Prototype/Skeleton/src/test/resources
2015-11-01 21:40:38,668 [Worker-47] INFO  o.e.m.i.launch.MavenLaunchDelegate - /Volumes/Macintosh HD/Users/lucienmadl/GitHub/ese2015-team7/Prototype/Skeleton
2015-11-01 21:40:38,668 [Worker-47] INFO  o.e.m.i.launch.MavenLaunchDelegate -  mvn  -B jetty:stop jetty:run
2015-11-01 21:50:07,318 [Worker-49] INFO  o.e.m.c.i.embedder.EclipseLogger - Using 'UTF-8' encoding to copy filtered resources.
2015-11-01 21:50:07,322 [Worker-49] INFO  o.e.m.c.i.embedder.EclipseLogger - skip non existing resourceDirectory /Volumes/Macintosh HD/Users/lucienmadl/GitHub/ese2015-team7/Prototype/Skeleton/src/main/resources
2015-11-01 21:50:07,324 [Worker-49] INFO  o.e.m.c.i.embedder.EclipseLogger - Using 'UTF-8' encoding to copy filtered resources.
2015-11-01 21:50:07,324 [Worker-49] INFO  o.e.m.c.i.embedder.EclipseLogger - skip non existing resourceDirectory /Volumes/Macintosh HD/Users/lucienmadl/GitHub/ese2015-team7/Prototype/Skeleton/src/test/resources
2015-11-01 21:50:08,341 [Worker-48] INFO  o.e.m.c.i.embedder.EclipseLogger - Using 'UTF-8' encoding to copy filtered resources.
2015-11-01 21:50:08,341 [Worker-48] INFO  o.e.m.c.i.embedder.EclipseLogger - skip non existing resourceDirectory /Volumes/Macintosh HD/Users/lucienmadl/GitHub/ese2015-team7/Prototype/Skeleton/src/main/resources
2015-11-01 21:50:08,342 [Worker-48] INFO  o.e.m.c.i.embedder.EclipseLogger - Using 'UTF-8' encoding to copy filtered resources.
2015-11-01 21:50:08,342 [Worker-48] INFO  o.e.m.c.i.embedder.EclipseLogger - skip non existing resourceDirectory /Volumes/Macintosh HD/Users/lucienmadl/GitHub/ese2015-team7/Prototype/Skeleton/src/test/resources
2015-11-01 21:52:11,409 [Worker-48] INFO  o.e.m.c.i.embedder.EclipseLogger - Using 'UTF-8' encoding to copy filtered resources.
2015-11-01 21:52:11,409 [Worker-48] INFO  o.e.m.c.i.embedder.EclipseLogger - skip non existing resourceDirectory /Volumes/Macintosh HD/Users/lucienmadl/GitHub/ese2015-team7/Prototype/Skeleton/src/main/resources
2015-11-01 21:52:11,410 [Worker-48] INFO  o.e.m.c.i.embedder.EclipseLogger - Using 'UTF-8' encoding to copy filtered resources.
2015-11-01 21:52:11,410 [Worker-48] INFO  o.e.m.c.i.embedder.EclipseLogger - skip non existing resourceDirectory /Volumes/Macintosh HD/Users/lucienmadl/GitHub/ese2015-team7/Prototype/Skeleton/src/test/resources
2015-11-01 21:53:47,310 [Worker-38] INFO  o.e.m.c.i.embedder.EclipseLogger - Using 'UTF-8' encoding to copy filtered resources.
2015-11-01 21:53:47,311 [Worker-38] INFO  o.e.m.c.i.embedder.EclipseLogger - skip non existing resourceDirectory /Volumes/Macintosh HD/Users/lucienmadl/GitHub/ese2015-team7/Prototype/Skeleton/src/main/resources
2015-11-01 21:53:47,312 [Worker-38] INFO  o.e.m.c.i.embedder.EclipseLogger - Using 'UTF-8' encoding to copy filtered resources.
2015-11-01 21:53:47,312 [Worker-38] INFO  o.e.m.c.i.embedder.EclipseLogger - skip non existing resourceDirectory /Volumes/Macintosh HD/Users/lucienmadl/GitHub/ese2015-team7/Prototype/Skeleton/src/test/resources
2015-11-01 21:54:06,499 [Worker-46] INFO  o.e.m.c.i.embedder.EclipseLogger - Using 'UTF-8' encoding to copy filtered resources.
2015-11-01 21:54:06,499 [Worker-46] INFO  o.e.m.c.i.embedder.EclipseLogger - skip non existing resourceDirectory /Volumes/Macintosh HD/Users/lucienmadl/GitHub/ese2015-team7/Prototype/Skeleton/src/main/resources
2015-11-01 21:54:06,500 [Worker-46] INFO  o.e.m.c.i.embedder.EclipseLogger - Using 'UTF-8' encoding to copy filtered resources.
2015-11-01 21:54:06,500 [Worker-46] INFO  o.e.m.c.i.embedder.EclipseLogger - skip non existing resourceDirectory /Volumes/Macintosh HD/Users/lucienmadl/GitHub/ese2015-team7/Prototype/Skeleton/src/test/resources
2015-11-01 21:57:30,736 [Worker-49] INFO  o.e.m.c.i.embedder.EclipseLogger - Using 'UTF-8' encoding to copy filtered resources.
2015-11-01 21:57:30,737 [Worker-49] INFO  o.e.m.c.i.embedder.EclipseLogger - skip non existing resourceDirectory /Volumes/Macintosh HD/Users/lucienmadl/GitHub/ese2015-team7/Prototype/Skeleton/src/main/resources
2015-11-01 21:57:30,738 [Worker-49] INFO  o.e.m.c.i.embedder.EclipseLogger - Using 'UTF-8' encoding to copy filtered resources.
2015-11-01 21:57:30,738 [Worker-49] INFO  o.e.m.c.i.embedder.EclipseLogger - skip non existing resourceDirectory /Volumes/Macintosh HD/Users/lucienmadl/GitHub/ese2015-team7/Prototype/Skeleton/src/test/resources
2015-11-01 21:58:00,724 [Worker-48] INFO  o.e.m.c.i.embedder.EclipseLogger - Using 'UTF-8' encoding to copy filtered resources.
2015-11-01 21:58:00,725 [Worker-48] INFO  o.e.m.c.i.embedder.EclipseLogger - skip non existing resourceDirectory /Volumes/Macintosh HD/Users/lucienmadl/GitHub/ese2015-team7/Prototype/Skeleton/src/main/resources
2015-11-01 21:58:00,726 [Worker-48] INFO  o.e.m.c.i.embedder.EclipseLogger - Using 'UTF-8' encoding to copy filtered resources.
2015-11-01 21:58:00,726 [Worker-48] INFO  o.e.m.c.i.embedder.EclipseLogger - skip non existing resourceDirectory /Volumes/Macintosh HD/Users/lucienmadl/GitHub/ese2015-team7/Prototype/Skeleton/src/test/resources
2015-11-01 21:58:19,755 [Worker-38] INFO  o.e.m.c.i.embedder.EclipseLogger - Using 'UTF-8' encoding to copy filtered resources.
2015-11-01 21:58:19,755 [Worker-38] INFO  o.e.m.c.i.embedder.EclipseLogger - skip non existing resourceDirectory /Volumes/Macintosh HD/Users/lucienmadl/GitHub/ese2015-team7/Prototype/Skeleton/src/main/resources
2015-11-01 21:58:19,756 [Worker-38] INFO  o.e.m.c.i.embedder.EclipseLogger - Using 'UTF-8' encoding to copy filtered resources.
2015-11-01 21:58:19,757 [Worker-38] INFO  o.e.m.c.i.embedder.EclipseLogger - skip non existing resourceDirectory /Volumes/Macintosh HD/Users/lucienmadl/GitHub/ese2015-team7/Prototype/Skeleton/src/test/resources
2015-11-01 21:58:27,256 [Worker-40] INFO  o.e.m.i.launch.MavenLaunchDelegate - /Volumes/Macintosh HD/Users/lucienmadl/GitHub/ese2015-team7/Prototype/Skeleton
2015-11-01 21:58:27,256 [Worker-40] INFO  o.e.m.i.launch.MavenLaunchDelegate -  mvn  -B jetty:stop jetty:run
2015-11-01 22:02:00,102 [Worker-48] INFO  o.e.m.c.i.embedder.EclipseLogger - Using 'UTF-8' encoding to copy filtered resources.
2015-11-01 22:02:00,103 [Worker-48] INFO  o.e.m.c.i.embedder.EclipseLogger - skip non existing resourceDirectory /Volumes/Macintosh HD/Users/lucienmadl/GitHub/ese2015-team7/Prototype/Skeleton/src/main/resources
2015-11-01 22:02:00,105 [Worker-48] INFO  o.e.m.c.i.embedder.EclipseLogger - Using 'UTF-8' encoding to copy filtered resources.
2015-11-01 22:02:00,105 [Worker-48] INFO  o.e.m.c.i.embedder.EclipseLogger - skip non existing resourceDirectory /Volumes/Macintosh HD/Users/lucienmadl/GitHub/ese2015-team7/Prototype/Skeleton/src/test/resources
2015-11-01 22:10:18,132 [Worker-48] INFO  o.e.m.i.launch.MavenLaunchDelegate - /Volumes/Macintosh HD/Users/lucienmadl/GitHub/ese2015-team7/Prototype/Skeleton
2015-11-01 22:10:18,132 [Worker-48] INFO  o.e.m.i.launch.MavenLaunchDelegate -  mvn  -B jetty:stop jetty:run
2015-11-01 22:15:16,584 [Worker-38] INFO  o.e.m.c.i.embedder.EclipseLogger - Using 'UTF-8' encoding to copy filtered resources.
2015-11-01 22:15:16,585 [Worker-38] INFO  o.e.m.c.i.embedder.EclipseLogger - skip non existing resourceDirectory /Volumes/Macintosh HD/Users/lucienmadl/GitHub/ese2015-team7/Prototype/Skeleton/src/main/resources
2015-11-01 22:15:16,586 [Worker-38] INFO  o.e.m.c.i.embedder.EclipseLogger - Using 'UTF-8' encoding to copy filtered resources.
2015-11-01 22:15:16,586 [Worker-38] INFO  o.e.m.c.i.embedder.EclipseLogger - skip non existing resourceDirectory /Volumes/Macintosh HD/Users/lucienmadl/GitHub/ese2015-team7/Prototype/Skeleton/src/test/resources
2015-11-01 22:15:22,572 [Worker-52] INFO  o.e.m.c.i.embedder.EclipseLogger - Using 'UTF-8' encoding to copy filtered resources.
2015-11-01 22:15:22,573 [Worker-52] INFO  o.e.m.c.i.embedder.EclipseLogger - skip non existing resourceDirectory /Volumes/Macintosh HD/Users/lucienmadl/GitHub/ese2015-team7/Prototype/Skeleton/src/main/resources
2015-11-01 22:15:22,574 [Worker-52] INFO  o.e.m.c.i.embedder.EclipseLogger - Using 'UTF-8' encoding to copy filtered resources.
2015-11-01 22:15:22,574 [Worker-52] INFO  o.e.m.c.i.embedder.EclipseLogger - skip non existing resourceDirectory /Volumes/Macintosh HD/Users/lucienmadl/GitHub/ese2015-team7/Prototype/Skeleton/src/test/resources
2015-11-02 08:31:12,141 [Worker-12] INFO  o.e.m.c.i.embedder.EclipseLogger - Using 'UTF-8' encoding to copy filtered resources.
2015-11-02 08:31:12,175 [Worker-12] INFO  o.e.m.c.i.embedder.EclipseLogger - skip non existing resourceDirectory /Volumes/Macintosh HD/Users/lucienmadl/GitHub/ese2015-team7/Prototype/Skeleton/src/main/resources
2015-11-02 08:31:12,180 [Worker-12] INFO  o.e.m.c.i.embedder.EclipseLogger - Using 'UTF-8' encoding to copy filtered resources.
2015-11-02 08:31:12,180 [Worker-12] INFO  o.e.m.c.i.embedder.EclipseLogger - skip non existing resourceDirectory /Volumes/Macintosh HD/Users/lucienmadl/GitHub/ese2015-team7/Prototype/Skeleton/src/test/resources
2015-11-02 08:31:15,677 [Worker-7] INFO  o.e.m.c.i.embedder.EclipseLogger - Using 'UTF-8' encoding to copy filtered resources.
2015-11-02 08:31:15,678 [Worker-7] INFO  o.e.m.c.i.embedder.EclipseLogger - skip non existing resourceDirectory /Volumes/Macintosh HD/Users/lucienmadl/GitHub/ese2015-team7/Prototype/Skeleton/src/main/resources
2015-11-02 08:31:15,685 [Worker-7] INFO  o.e.m.c.i.embedder.EclipseLogger - Using 'UTF-8' encoding to copy filtered resources.
2015-11-02 08:31:15,686 [Worker-7] INFO  o.e.m.c.i.embedder.EclipseLogger - skip non existing resourceDirectory /Volumes/Macintosh HD/Users/lucienmadl/GitHub/ese2015-team7/Prototype/Skeleton/src/test/resources
2015-11-02 08:39:59,581 [Worker-10] INFO  o.e.m.c.i.embedder.EclipseLogger - Using 'UTF-8' encoding to copy filtered resources.
2015-11-02 08:39:59,581 [Worker-10] INFO  o.e.m.c.i.embedder.EclipseLogger - skip non existing resourceDirectory /Volumes/Macintosh HD/Users/lucienmadl/GitHub/ese2015-team7/Prototype/Skeleton/src/main/resources
2015-11-02 08:39:59,583 [Worker-10] INFO  o.e.m.c.i.embedder.EclipseLogger - Using 'UTF-8' encoding to copy filtered resources.
2015-11-02 08:39:59,583 [Worker-10] INFO  o.e.m.c.i.embedder.EclipseLogger - skip non existing resourceDirectory /Volumes/Macintosh HD/Users/lucienmadl/GitHub/ese2015-team7/Prototype/Skeleton/src/test/resources
2015-11-02 08:40:11,623 [Worker-22] INFO  o.e.m.i.launch.MavenLaunchDelegate - /Volumes/Macintosh HD/Users/lucienmadl/GitHub/ese2015-team7/Prototype/Skeleton
2015-11-02 08:40:11,640 [Worker-22] INFO  o.e.m.i.launch.MavenLaunchDelegate -  mvn  -B jetty:stop jetty:run
2015-11-02 08:40:12,064 [Worker-9] INFO  o.e.m.c.i.embedder.EclipseLogger - Using 'UTF-8' encoding to copy filtered resources.
2015-11-02 08:40:12,064 [Worker-9] INFO  o.e.m.c.i.embedder.EclipseLogger - skip non existing resourceDirectory /Volumes/Macintosh HD/Users/lucienmadl/GitHub/ese2015-team7/Prototype/Skeleton/src/main/resources
2015-11-02 08:40:12,066 [Worker-9] INFO  o.e.m.c.i.embedder.EclipseLogger - Using 'UTF-8' encoding to copy filtered resources.
2015-11-02 08:40:12,066 [Worker-9] INFO  o.e.m.c.i.embedder.EclipseLogger - skip non existing resourceDirectory /Volumes/Macintosh HD/Users/lucienmadl/GitHub/ese2015-team7/Prototype/Skeleton/src/test/resources
2015-11-02 08:44:23,148 [Worker-21] INFO  o.e.m.c.i.embedder.EclipseLogger - Using 'UTF-8' encoding to copy filtered resources.
2015-11-02 08:44:23,148 [Worker-21] INFO  o.e.m.c.i.embedder.EclipseLogger - skip non existing resourceDirectory /Volumes/Macintosh HD/Users/lucienmadl/GitHub/ese2015-team7/Prototype/Skeleton/src/main/resources
2015-11-02 08:44:23,150 [Worker-21] INFO  o.e.m.c.i.embedder.EclipseLogger - Using 'UTF-8' encoding to copy filtered resources.
2015-11-02 08:44:23,150 [Worker-21] INFO  o.e.m.c.i.embedder.EclipseLogger - skip non existing resourceDirectory /Volumes/Macintosh HD/Users/lucienmadl/GitHub/ese2015-team7/Prototype/Skeleton/src/test/resources
2015-11-02 08:44:51,696 [Worker-26] INFO  o.e.m.c.i.embedder.EclipseLogger - Using 'UTF-8' encoding to copy filtered resources.
2015-11-02 08:44:51,696 [Worker-26] INFO  o.e.m.c.i.embedder.EclipseLogger - skip non existing resourceDirectory /Volumes/Macintosh HD/Users/lucienmadl/GitHub/ese2015-team7/Prototype/Skeleton/src/main/resources
2015-11-02 08:44:51,698 [Worker-26] INFO  o.e.m.c.i.embedder.EclipseLogger - Using 'UTF-8' encoding to copy filtered resources.
2015-11-02 08:44:51,699 [Worker-26] INFO  o.e.m.c.i.embedder.EclipseLogger - skip non existing resourceDirectory /Volumes/Macintosh HD/Users/lucienmadl/GitHub/ese2015-team7/Prototype/Skeleton/src/test/resources
2015-11-02 08:45:25,564 [Worker-25] INFO  o.e.m.c.i.embedder.EclipseLogger - Using 'UTF-8' encoding to copy filtered resources.
2015-11-02 08:45:25,565 [Worker-25] INFO  o.e.m.c.i.embedder.EclipseLogger - skip non existing resourceDirectory /Volumes/Macintosh HD/Users/lucienmadl/GitHub/ese2015-team7/Prototype/Skeleton/src/main/resources
2015-11-02 08:45:25,566 [Worker-25] INFO  o.e.m.c.i.embedder.EclipseLogger - Using 'UTF-8' encoding to copy filtered resources.
2015-11-02 08:45:25,566 [Worker-25] INFO  o.e.m.c.i.embedder.EclipseLogger - skip non existing resourceDirectory /Volumes/Macintosh HD/Users/lucienmadl/GitHub/ese2015-team7/Prototype/Skeleton/src/test/resources
2015-11-02 08:52:49,781 [Worker-24] INFO  o.e.m.c.i.embedder.EclipseLogger - Using 'UTF-8' encoding to copy filtered resources.
2015-11-02 08:52:49,781 [Worker-24] INFO  o.e.m.c.i.embedder.EclipseLogger - skip non existing resourceDirectory /Volumes/Macintosh HD/Users/lucienmadl/GitHub/ese2015-team7/Prototype/Skeleton/src/main/resources
2015-11-02 08:52:49,785 [Worker-24] INFO  o.e.m.c.i.embedder.EclipseLogger - Using 'UTF-8' encoding to copy filtered resources.
2015-11-02 08:52:49,785 [Worker-24] INFO  o.e.m.c.i.embedder.EclipseLogger - skip non existing resourceDirectory /Volumes/Macintosh HD/Users/lucienmadl/GitHub/ese2015-team7/Prototype/Skeleton/src/test/resources
2015-11-02 08:53:12,437 [Worker-10] INFO  o.e.m.i.launch.MavenLaunchDelegate - /Volumes/Macintosh HD/Users/lucienmadl/GitHub/ese2015-team7/Prototype/Skeleton
2015-11-02 08:53:12,438 [Worker-10] INFO  o.e.m.i.launch.MavenLaunchDelegate -  mvn  -B jetty:stop jetty:run
2015-11-02 08:56:53,154 [Worker-33] INFO  o.e.m.c.i.embedder.EclipseLogger - Using 'UTF-8' encoding to copy filtered resources.
2015-11-02 08:56:53,154 [Worker-33] INFO  o.e.m.c.i.embedder.EclipseLogger - skip non existing resourceDirectory /Volumes/Macintosh HD/Users/lucienmadl/GitHub/ese2015-team7/Prototype/Skeleton/src/main/resources
2015-11-02 08:56:53,156 [Worker-33] INFO  o.e.m.c.i.embedder.EclipseLogger - Using 'UTF-8' encoding to copy filtered resources.
2015-11-02 08:56:53,156 [Worker-33] INFO  o.e.m.c.i.embedder.EclipseLogger - skip non existing resourceDirectory /Volumes/Macintosh HD/Users/lucienmadl/GitHub/ese2015-team7/Prototype/Skeleton/src/test/resources
2015-11-02 08:57:15,043 [Worker-33] INFO  o.e.m.i.launch.MavenLaunchDelegate - /Volumes/Macintosh HD/Users/lucienmadl/GitHub/ese2015-team7/Prototype/Skeleton
2015-11-02 08:57:15,044 [Worker-33] INFO  o.e.m.i.launch.MavenLaunchDelegate -  mvn  -B jetty:stop jetty:run
2015-11-02 08:58:42,901 [Worker-32] INFO  o.e.m.c.i.embedder.EclipseLogger - Using 'UTF-8' encoding to copy filtered resources.
2015-11-02 08:58:42,901 [Worker-32] INFO  o.e.m.c.i.embedder.EclipseLogger - skip non existing resourceDirectory /Volumes/Macintosh HD/Users/lucienmadl/GitHub/ese2015-team7/Prototype/Skeleton/src/main/resources
2015-11-02 08:58:42,903 [Worker-32] INFO  o.e.m.c.i.embedder.EclipseLogger - Using 'UTF-8' encoding to copy filtered resources.
2015-11-02 08:58:42,903 [Worker-32] INFO  o.e.m.c.i.embedder.EclipseLogger - skip non existing resourceDirectory /Volumes/Macintosh HD/Users/lucienmadl/GitHub/ese2015-team7/Prototype/Skeleton/src/test/resources
2015-11-02 09:01:19,074 [Worker-10] INFO  o.e.m.c.i.embedder.EclipseLogger - Using 'UTF-8' encoding to copy filtered resources.
2015-11-02 09:01:19,075 [Worker-10] INFO  o.e.m.c.i.embedder.EclipseLogger - skip non existing resourceDirectory /Volumes/Macintosh HD/Users/lucienmadl/GitHub/ese2015-team7/Prototype/Skeleton/src/main/resources
2015-11-02 09:01:19,076 [Worker-10] INFO  o.e.m.c.i.embedder.EclipseLogger - Using 'UTF-8' encoding to copy filtered resources.
2015-11-02 09:01:19,077 [Worker-10] INFO  o.e.m.c.i.embedder.EclipseLogger - skip non existing resourceDirectory /Volumes/Macintosh HD/Users/lucienmadl/GitHub/ese2015-team7/Prototype/Skeleton/src/test/resources
2015-11-02 09:01:29,416 [Worker-27] INFO  o.e.m.i.launch.MavenLaunchDelegate - /Volumes/Macintosh HD/Users/lucienmadl/GitHub/ese2015-team7/Prototype/Skeleton
2015-11-02 09:01:29,416 [Worker-27] INFO  o.e.m.i.launch.MavenLaunchDelegate -  mvn  -B jetty:stop jetty:run
2015-11-02 09:16:35,854 [Worker-41] INFO  o.e.m.c.i.embedder.EclipseLogger - Using 'UTF-8' encoding to copy filtered resources.
2015-11-02 09:16:35,854 [Worker-41] INFO  o.e.m.c.i.embedder.EclipseLogger - skip non existing resourceDirectory /Volumes/Macintosh HD/Users/lucienmadl/GitHub/ese2015-team7/Prototype/Skeleton/src/main/resources
2015-11-02 09:16:35,856 [Worker-41] INFO  o.e.m.c.i.embedder.EclipseLogger - Using 'UTF-8' encoding to copy filtered resources.
2015-11-02 09:16:35,856 [Worker-41] INFO  o.e.m.c.i.embedder.EclipseLogger - skip non existing resourceDirectory /Volumes/Macintosh HD/Users/lucienmadl/GitHub/ese2015-team7/Prototype/Skeleton/src/test/resources
2015-11-02 09:16:42,394 [Worker-41] INFO  o.e.m.c.i.embedder.EclipseLogger - Using 'UTF-8' encoding to copy filtered resources.
2015-11-02 09:16:42,407 [Worker-41] INFO  o.e.m.c.i.embedder.EclipseLogger - skip non existing resourceDirectory /Volumes/Macintosh HD/Users/lucienmadl/GitHub/ese2015-team7/Prototype/Skeleton/src/main/resources
2015-11-02 09:16:42,409 [Worker-41] INFO  o.e.m.c.i.embedder.EclipseLogger - Using 'UTF-8' encoding to copy filtered resources.
2015-11-02 09:16:42,409 [Worker-41] INFO  o.e.m.c.i.embedder.EclipseLogger - skip non existing resourceDirectory /Volumes/Macintosh HD/Users/lucienmadl/GitHub/ese2015-team7/Prototype/Skeleton/src/test/resources
2015-11-02 09:24:54,430 [Worker-42] INFO  o.e.m.c.i.embedder.EclipseLogger - Using 'UTF-8' encoding to copy filtered resources.
2015-11-02 09:24:54,430 [Worker-42] INFO  o.e.m.c.i.embedder.EclipseLogger - skip non existing resourceDirectory /Volumes/Macintosh HD/Users/lucienmadl/GitHub/ese2015-team7/Prototype/Skeleton/src/main/resources
2015-11-02 09:24:54,432 [Worker-42] INFO  o.e.m.c.i.embedder.EclipseLogger - Using 'UTF-8' encoding to copy filtered resources.
2015-11-02 09:24:54,432 [Worker-42] INFO  o.e.m.c.i.embedder.EclipseLogger - skip non existing resourceDirectory /Volumes/Macintosh HD/Users/lucienmadl/GitHub/ese2015-team7/Prototype/Skeleton/src/test/resources
2015-11-02 09:25:08,123 [Worker-46] INFO  o.e.m.i.launch.MavenLaunchDelegate - /Volumes/Macintosh HD/Users/lucienmadl/GitHub/ese2015-team7/Prototype/Skeleton
2015-11-02 09:25:08,123 [Worker-46] INFO  o.e.m.i.launch.MavenLaunchDelegate -  mvn  -B jetty:stop jetty:run
2015-11-02 09:26:56,027 [Worker-32] INFO  o.e.m.c.i.embedder.EclipseLogger - Using 'UTF-8' encoding to copy filtered resources.
2015-11-02 09:26:56,027 [Worker-32] INFO  o.e.m.c.i.embedder.EclipseLogger - skip non existing resourceDirectory /Volumes/Macintosh HD/Users/lucienmadl/GitHub/ese2015-team7/Prototype/Skeleton/src/main/resources
2015-11-02 09:26:56,029 [Worker-32] INFO  o.e.m.c.i.embedder.EclipseLogger - Using 'UTF-8' encoding to copy filtered resources.
2015-11-02 09:26:56,029 [Worker-32] INFO  o.e.m.c.i.embedder.EclipseLogger - skip non existing resourceDirectory /Volumes/Macintosh HD/Users/lucienmadl/GitHub/ese2015-team7/Prototype/Skeleton/src/test/resources
2015-11-02 09:28:06,915 [Worker-42] INFO  o.e.m.c.i.embedder.EclipseLogger - Using 'UTF-8' encoding to copy filtered resources.
2015-11-02 09:28:06,915 [Worker-42] INFO  o.e.m.c.i.embedder.EclipseLogger - skip non existing resourceDirectory /Volumes/Macintosh HD/Users/lucienmadl/GitHub/ese2015-team7/Prototype/Skeleton/src/main/resources
2015-11-02 09:28:06,919 [Worker-42] INFO  o.e.m.c.i.embedder.EclipseLogger - Using 'UTF-8' encoding to copy filtered resources.
2015-11-02 09:28:06,919 [Worker-42] INFO  o.e.m.c.i.embedder.EclipseLogger - skip non existing resourceDirectory /Volumes/Macintosh HD/Users/lucienmadl/GitHub/ese2015-team7/Prototype/Skeleton/src/test/resources
2015-11-02 09:32:33,633 [Worker-32] INFO  o.e.m.c.i.embedder.EclipseLogger - Using 'UTF-8' encoding to copy filtered resources.
2015-11-02 09:32:33,633 [Worker-32] INFO  o.e.m.c.i.embedder.EclipseLogger - skip non existing resourceDirectory /Volumes/Macintosh HD/Users/lucienmadl/GitHub/ese2015-team7/Prototype/Skeleton/src/main/resources
2015-11-02 09:32:33,634 [Worker-32] INFO  o.e.m.c.i.embedder.EclipseLogger - Using 'UTF-8' encoding to copy filtered resources.
2015-11-02 09:32:33,634 [Worker-32] INFO  o.e.m.c.i.embedder.EclipseLogger - skip non existing resourceDirectory /Volumes/Macintosh HD/Users/lucienmadl/GitHub/ese2015-team7/Prototype/Skeleton/src/test/resources
2015-11-02 09:33:23,871 [Worker-48] INFO  o.e.m.i.launch.MavenLaunchDelegate - /Volumes/Macintosh HD/Users/lucienmadl/GitHub/ese2015-team7/Prototype/Skeleton
2015-11-02 09:33:23,872 [Worker-48] INFO  o.e.m.i.launch.MavenLaunchDelegate -  mvn  -B jetty:stop jetty:run
2015-11-02 09:40:59,876 [Worker-40] INFO  o.e.m.c.i.embedder.EclipseLogger - Using 'UTF-8' encoding to copy filtered resources.
2015-11-02 09:40:59,877 [Worker-40] INFO  o.e.m.c.i.embedder.EclipseLogger - skip non existing resourceDirectory /Volumes/Macintosh HD/Users/lucienmadl/GitHub/ese2015-team7/Prototype/Skeleton/src/main/resources
2015-11-02 09:40:59,879 [Worker-40] INFO  o.e.m.c.i.embedder.EclipseLogger - Using 'UTF-8' encoding to copy filtered resources.
2015-11-02 09:40:59,879 [Worker-40] INFO  o.e.m.c.i.embedder.EclipseLogger - skip non existing resourceDirectory /Volumes/Macintosh HD/Users/lucienmadl/GitHub/ese2015-team7/Prototype/Skeleton/src/test/resources
2015-11-02 09:41:12,342 [Worker-50] INFO  o.e.m.i.launch.MavenLaunchDelegate - /Volumes/Macintosh HD/Users/lucienmadl/GitHub/ese2015-team7/Prototype/Skeleton
2015-11-02 09:41:12,342 [Worker-50] INFO  o.e.m.i.launch.MavenLaunchDelegate -  mvn  -B jetty:stop jetty:run
2015-11-02 09:52:19,350 [Worker-40] INFO  o.e.m.c.i.embedder.EclipseLogger - Using 'UTF-8' encoding to copy filtered resources.
2015-11-02 09:52:19,350 [Worker-40] INFO  o.e.m.c.i.embedder.EclipseLogger - skip non existing resourceDirectory /Volumes/Macintosh HD/Users/lucienmadl/GitHub/ese2015-team7/Prototype/Skeleton/src/main/resources
2015-11-02 09:52:19,352 [Worker-40] INFO  o.e.m.c.i.embedder.EclipseLogger - Using 'UTF-8' encoding to copy filtered resources.
2015-11-02 09:52:19,352 [Worker-40] INFO  o.e.m.c.i.embedder.EclipseLogger - skip non existing resourceDirectory /Volumes/Macintosh HD/Users/lucienmadl/GitHub/ese2015-team7/Prototype/Skeleton/src/test/resources
2015-11-02 09:52:33,055 [Worker-53] INFO  o.e.m.i.launch.MavenLaunchDelegate - /Volumes/Macintosh HD/Users/lucienmadl/GitHub/ese2015-team7/Prototype/Skeleton
2015-11-02 09:52:33,055 [Worker-53] INFO  o.e.m.i.launch.MavenLaunchDelegate -  mvn  -B jetty:stop jetty:run
2015-11-02 10:00:11,157 [Worker-56] INFO  o.e.m.c.i.embedder.EclipseLogger - Using 'UTF-8' encoding to copy filtered resources.
2015-11-02 10:00:11,158 [Worker-56] INFO  o.e.m.c.i.embedder.EclipseLogger - skip non existing resourceDirectory /Volumes/Macintosh HD/Users/lucienmadl/GitHub/ese2015-team7/Prototype/Skeleton/src/main/resources
2015-11-02 10:00:11,159 [Worker-56] INFO  o.e.m.c.i.embedder.EclipseLogger - Using 'UTF-8' encoding to copy filtered resources.
2015-11-02 10:00:11,159 [Worker-56] INFO  o.e.m.c.i.embedder.EclipseLogger - skip non existing resourceDirectory /Volumes/Macintosh HD/Users/lucienmadl/GitHub/ese2015-team7/Prototype/Skeleton/src/test/resources
2015-11-02 10:00:29,715 [Worker-40] INFO  o.e.m.i.launch.MavenLaunchDelegate - /Volumes/Macintosh HD/Users/lucienmadl/GitHub/ese2015-team7/Prototype/Skeleton
2015-11-02 10:00:29,715 [Worker-40] INFO  o.e.m.i.launch.MavenLaunchDelegate -  mvn  -B jetty:stop jetty:run
2015-11-02 10:03:15,819 [Worker-53] INFO  o.e.m.c.i.embedder.EclipseLogger - Using 'UTF-8' encoding to copy filtered resources.
2015-11-02 10:03:15,820 [Worker-53] INFO  o.e.m.c.i.embedder.EclipseLogger - skip non existing resourceDirectory /Volumes/Macintosh HD/Users/lucienmadl/GitHub/ese2015-team7/Prototype/Skeleton/src/main/resources
2015-11-02 10:03:15,821 [Worker-53] INFO  o.e.m.c.i.embedder.EclipseLogger - Using 'UTF-8' encoding to copy filtered resources.
2015-11-02 10:03:15,821 [Worker-53] INFO  o.e.m.c.i.embedder.EclipseLogger - skip non existing resourceDirectory /Volumes/Macintosh HD/Users/lucienmadl/GitHub/ese2015-team7/Prototype/Skeleton/src/test/resources
2015-11-02 10:10:48,589 [Worker-57] INFO  o.e.m.c.i.embedder.EclipseLogger - Using 'UTF-8' encoding to copy filtered resources.
2015-11-02 10:10:48,589 [Worker-57] INFO  o.e.m.c.i.embedder.EclipseLogger - skip non existing resourceDirectory /Volumes/Macintosh HD/Users/lucienmadl/GitHub/ese2015-team7/Prototype/Skeleton/src/main/resources
2015-11-02 10:10:48,591 [Worker-57] INFO  o.e.m.c.i.embedder.EclipseLogger - Using 'UTF-8' encoding to copy filtered resources.
2015-11-02 10:10:48,591 [Worker-57] INFO  o.e.m.c.i.embedder.EclipseLogger - skip non existing resourceDirectory /Volumes/Macintosh HD/Users/lucienmadl/GitHub/ese2015-team7/Prototype/Skeleton/src/test/resources
2015-11-02 10:12:40,034 [Worker-61] INFO  o.e.m.c.i.embedder.EclipseLogger - Using 'UTF-8' encoding to copy filtered resources.
2015-11-02 10:12:40,035 [Worker-61] INFO  o.e.m.c.i.embedder.EclipseLogger - skip non existing resourceDirectory /Volumes/Macintosh HD/Users/lucienmadl/GitHub/ese2015-team7/Prototype/Skeleton/src/main/resources
2015-11-02 10:12:40,036 [Worker-61] INFO  o.e.m.c.i.embedder.EclipseLogger - Using 'UTF-8' encoding to copy filtered resources.
2015-11-02 10:12:40,037 [Worker-61] INFO  o.e.m.c.i.embedder.EclipseLogger - skip non existing resourceDirectory /Volumes/Macintosh HD/Users/lucienmadl/GitHub/ese2015-team7/Prototype/Skeleton/src/test/resources
2015-11-02 10:12:56,782 [Worker-40] INFO  o.e.m.i.launch.MavenLaunchDelegate - /Volumes/Macintosh HD/Users/lucienmadl/GitHub/ese2015-team7/Prototype/Skeleton
2015-11-02 10:12:56,782 [Worker-40] INFO  o.e.m.i.launch.MavenLaunchDelegate -  mvn  -B jetty:stop jetty:run
2015-11-02 10:17:43,402 [Worker-56] INFO  o.e.m.c.i.embedder.EclipseLogger - Using 'UTF-8' encoding to copy filtered resources.
2015-11-02 10:17:43,569 [Worker-56] INFO  o.e.m.c.i.embedder.EclipseLogger - skip non existing resourceDirectory /Volumes/Macintosh HD/Users/lucienmadl/GitHub/ese2015-team7/Prototype/Skeleton/src/main/resources
2015-11-02 10:17:43,572 [Worker-56] INFO  o.e.m.c.i.embedder.EclipseLogger - Using 'UTF-8' encoding to copy filtered resources.
2015-11-02 10:17:43,572 [Worker-56] INFO  o.e.m.c.i.embedder.EclipseLogger - skip non existing resourceDirectory /Volumes/Macintosh HD/Users/lucienmadl/GitHub/ese2015-team7/Prototype/Skeleton/src/test/resources
2015-11-02 10:18:01,248 [Worker-56] INFO  o.e.m.i.launch.MavenLaunchDelegate - /Volumes/Macintosh HD/Users/lucienmadl/GitHub/ese2015-team7/Prototype/Skeleton
2015-11-02 10:18:01,249 [Worker-56] INFO  o.e.m.i.launch.MavenLaunchDelegate -  mvn  -B jetty:stop jetty:run
